Determining if the pthread_create exist failed with the following output:
Change Dir: /home/meera/Evaluation_project/wanderer/build/CMakeFiles/CMakeTmp

Run Build Command:/usr/bin/make "cmTryCompileExec592529178/fast"
make[2]: Entering directory `/home/meera/Evaluation_project/wanderer/build/CMakeFiles/CMakeTmp'
/usr/bin/make -f CMakeFiles/cmTryCompileExec592529178.dir/build.make CMakeFiles/cmTryCompileExec592529178.dir/build
make[3]: Entering directory `/home/meera/Evaluation_project/wanderer/build/CMakeFiles/CMakeTmp'
/usr/bin/cmake -E cmake_progress_report /home/meera/Evaluation_project/wanderer/build/CMakeFiles/CMakeTmp/CMakeFiles 1
Building C object CMakeFiles/cmTryCompileExec592529178.dir/CheckSymbolExists.c.o
/usr/bin/cc    -o CMakeFiles/cmTryCompileExec592529178.dir/CheckSymbolExists.c.o   -c /home/meera/Evaluation_project/wanderer/build/CMakeFiles/CMakeTmp/CheckSymbolExists.c
Linking C executable cmTryCompileExec592529178
/usr/bin/cmake -E cmake_link_script CMakeFiles/cmTryCompileExec592529178.dir/link.txt --verbose=1
/usr/bin/cc       CMakeFiles/cmTryCompileExec592529178.dir/CheckSymbolExists.c.o  -o cmTryCompileExec592529178 -rdynamic 
CMakeFiles/cmTryCompileExec592529178.dir/CheckSymbolExists.c.o: In function `main':
CheckSymbolExists.c:(.text+0x16): undefined reference to `pthread_create'
collect2: error: ld returned 1 exit status
make[3]: Leaving directory `/home/meera/Evaluation_project/wanderer/build/CMakeFiles/CMakeTmp'
make[3]: *** [cmTryCompileExec592529178] Error 1
make[2]: *** [cmTryCompileExec592529178/fast] Error 2
make[2]: Leaving directory `/home/meera/Evaluation_project/wanderer/build/CMakeFiles/CMakeTmp'

File /home/meera/Evaluation_project/wanderer/build/CMakeFiles/CMakeTmp/CheckSymbolExists.c:
/* */
#include <pthread.h>

int main(int argc, char** argv)
{
  (void)argv;
#ifndef pthread_create
  return ((int*)(&pthread_create))[argc];
#else
  (void)argc;
  return 0;
#endif
}

Determining if the function pthread_create exists in the pthreads failed with the following output:
Change Dir: /home/meera/Evaluation_project/wanderer/build/CMakeFiles/CMakeTmp

Run Build Command:/usr/bin/make "cmTryCompileExec838787297/fast"
make[2]: Entering directory `/home/meera/Evaluation_project/wanderer/build/CMakeFiles/CMakeTmp'
/usr/bin/make -f CMakeFiles/cmTryCompileExec838787297.dir/build.make CMakeFiles/cmTryCompileExec838787297.dir/build
make[3]: Entering directory `/home/meera/Evaluation_project/wanderer/build/CMakeFiles/CMakeTmp'
/usr/bin/cmake -E cmake_progress_report /home/meera/Evaluation_project/wanderer/build/CMakeFiles/CMakeTmp/CMakeFiles 1
Building C object CMakeFiles/cmTryCompileExec838787297.dir/CheckFunctionExists.c.o
/usr/bin/cc   -DCHECK_FUNCTION_EXISTS=pthread_create   -o CMakeFiles/cmTryCompileExec838787297.dir/CheckFunctionExists.c.o   -c /usr/share/cmake-2.8/Modules/CheckFunctionExists.c
Linking C executable cmTryCompileExec838787297
/usr/bin/cmake -E cmake_link_script CMakeFiles/cmTryCompileExec838787297.dir/link.txt --verbose=1
/usr/bin/cc   -DCHECK_FUNCTION_EXISTS=pthread_create    CMakeFiles/cmTryCompileExec838787297.dir/CheckFunctionExists.c.o  -o cmTryCompileExec838787297 -rdynamic -lpthreads 
/usr/bin/ld: cannot find -lpthreads
collect2: error: ld returned 1 exit status
make[3]: *** [cmTryCompileExec838787297] Error 1
make[3]: Leaving directory `/home/meera/Evaluation_project/wanderer/build/CMakeFiles/CMakeTmp'
make[2]: Leaving directory `/home/meera/Evaluation_project/wanderer/build/CMakeFiles/CMakeTmp'
make[2]: *** [cmTryCompileExec838787297/fast] Error 2


